#
# A fatal error has been detected by the Java Runtime Environment:
#
#  EXCEPTION_ACCESS_VIOLATION (0xc0000005) at pc=0x00007ffb78e43004, pid=16068, tid=24760
#
# JRE version: OpenJDK Runtime Environment (24.0.1+9) (build 24.0.1+9-30)
# Java VM: OpenJDK 64-Bit Server VM (24.0.1+9-30, mixed mode, sharing, tiered, compressed oops, compressed class ptrs, g1 gc, windows-amd64)
# Problematic frame:
# C  [libasyncProfiler.dll+0x93004]
#
# No core dump will be written. Minidumps are not enabled by default on client versions of Windows
#
# JFR recording file will be written. Location: C:\Users\z005067k\IdeaProjects\Find-Majority-Element-Problem\hs_err_pid16068.jfr
#
# If you would like to submit a bug report, please visit:
#   https://bugreport.java.com/bugreport/crash.jsp
# The crash happened outside the Java Virtual Machine in native code.
# See problematic frame for where to report the bug.
#

---------------  S U M M A R Y ------------

Command Line: -javaagent:C:\Program Files\JetBrains\IntelliJ IDEA 2024.3.5\lib\idea_rt.jar=61473 -Dfile.encoding=UTF-8 -Dsun.stdout.encoding=UTF-8 -Dsun.stderr.encoding=UTF-8 Main

Host: 11th Gen Intel(R) Core(TM) i5-1145G7 @ 2.60GHz, 8 cores, 31G,  Windows 11 , 64 bit Build 22621 (10.0.22621.5124)
Time: Sat May 10 14:07:55 2025 Turkey Standard Time elapsed time: 6.140090 seconds (0d 0h 0m 6s)

---------------  T H R E A D  ---------------

Current thread (0x0000018f4100c2d0):  JavaThread "Attach Listener" daemon [_thread_in_native, id=24760, stack(0x0000005e5a600000,0x0000005e5a700000) (1024K)]

Stack: [0x0000005e5a600000,0x0000005e5a700000],  sp=0x0000005e5a6fec10,  free space=1019k
Native frames: (J=compiled Java code, j=interpreted, Vv=VM code, C=native code)
C  [libasyncProfiler.dll+0x93004]  (no source info available)
C  [libasyncProfiler.dll+0x934db]  (no source info available)
C  [libasyncProfiler.dll+0x92134]  (no source info available)
C  [libasyncProfiler.dll+0x929aa]  (no source info available)
C  [libasyncProfiler.dll+0x8d561]  (no source info available)
C  [libasyncProfiler.dll+0x7ef21]  (no source info available)
C  [libasyncProfiler.dll+0x7dc38]  (no source info available)
C  [libasyncProfiler.dll+0x7db20]  (no source info available)
C  [libasyncProfiler.dll+0x84af9]  (no source info available)
V  [jvm.dll+0x57eff7]  (no source info available)
V  [jvm.dll+0x57fdac]  (no source info available)
V  [jvm.dll+0x14ca17]  (no source info available)
V  [jvm.dll+0x14dfe1]  (no source info available)
V  [jvm.dll+0x42f456]  (no source info available)
V  [jvm.dll+0x87d76b]  (no source info available)
V  [jvm.dll+0x72ee55]  (no source info available)
C  [ucrtbase.dll+0x29333]  (no source info available)
C  [KERNEL32.DLL+0x1259d]  (no source info available)
C  [ntdll.dll+0x5af38]  (no source info available)


siginfo: EXCEPTION_ACCESS_VIOLATION (0xc0000005), reading address 0xffffffffffffffff


Registers:
RAX=0x0000000000000010, RBX=0x0000000000000000, RCX=0xffffffffffffffff, RDX=0x007ffb5c27300010
RSP=0x0000005e5a6fec10, RBP=0x0000018f41e63220, RSI=0x0000005e5a6fed80, RDI=0x0000018f41e63220
R8 =0x0000000000000042, R9 =0x000000062140d8d0, R10=0x00007ffb5c4e9fb0, R11=0x0000000000000004
R12=0x0000005e5a6fed80, R13=0x0000018f41e6ffb0, R14=0x0000018f4100c698, R15=0x0000018f4100c698
RIP=0x00007ffb78e43004, EFLAGS=0x0000000000010202

XMM[0]=0x0000000000000000 0x0000000000000000
XMM[1]=0x0000000000000000 0x0000000000000000
XMM[2]=0x0000000000000000 0x0000000000000000
XMM[3]=0x0000000000000000 0x0000000000000000
XMM[4]=0x0000000000000000 0x0000000000000000
XMM[5]=0x0000000000000000 0x0000000000000000
XMM[6]=0x0000000000000000 0x0000000000000000
XMM[7]=0x0000000000000000 0x0000000000000000
XMM[8]=0x0000000000000000 0x0000000000000000
XMM[9]=0x0000000000000000 0x0000000000000000
XMM[10]=0x0000000000000000 0x0000000000000000
XMM[11]=0x0000000000000000 0x0000000000000000
XMM[12]=0x0000000000000000 0x0000000000000000
XMM[13]=0x0000000000000000 0x0000000000000000
XMM[14]=0x0000000000000000 0x0000000000000000
XMM[15]=0x0000000000000000 0x0000000000000000
  MXCSR=0x00001fa0


Register to memory mapping:

RAX=0x0000000000000010 is an unknown value
RBX=0x0 is null
RCX=0xffffffffffffffff is an unknown value
RDX=0x007ffb5c27300010 is an unknown value
RSP=0x0000005e5a6fec10 is pointing into the stack for thread: 0x0000018f4100c2d0
RBP=0x0000018f41e63220 points into unknown readable memory: 0x0000000616823d58 | 58 3d 82 16 06 00 00 00
RSI=0x0000005e5a6fed80 is pointing into the stack for thread: 0x0000018f4100c2d0
RDI=0x0000018f41e63220 points into unknown readable memory: 0x0000000616823d58 | 58 3d 82 16 06 00 00 00
R8 =0x0000000000000042 is an unknown value
R9 =0x000000062140d8d0 is an oop: java.lang.Thread 
{0x000000062140d8d0} - klass: 'java/lang/Thread' - flags: 

 - ---- fields (total size 14 words):
 - 'threadLocalRandomProbe' 'I' @12  0 (0x00000000)
 - private volatile 'eetop' 'J' @16  1714861937264 (0x0000018f45bc9270)
 - private final 'tid' 'J' @24  3 (0x0000000000000003)
 - 'threadLocalRandomSeed' 'J' @32  0 (0x0000000000000000)
 - injected 'jvmti_thread_state' 'J' @40  1714796655344 (0x0000018f41d872f0)
 - 'threadLocalRandomSecondarySeed' 'I' @48  0 (0x00000000)
 - injected 'jvmti_VTMS_transition_disable_count' 'I' @52  0 (0x00000000)
 - injected 'jfr_epoch' 'S' @56  0 (0x0000)
 - volatile 'interrupted' 'Z' @58  false (0x00)
 - injected 'jvmti_is_in_VTMS_transition' 'Z' @59  false (0x00)
 - private volatile 'name' 'Ljava/lang/String;' @60  "main"{0x000000062140df18} (0xc4281be3)
 - private volatile 'contextClassLoader' 'Ljava/lang/ClassLoader;' @64  a 'jdk/internal/loader/ClassLoaders$AppClassLoader'{0x0000000621401f50} (0xc42803ea)
 - private final 'holder' 'Ljava/lang/Thread$FieldHolder;' @68  a 'java/lang/Thread$FieldHolder'{0x000000062140df48} (0xc4281be9)
 - 'threadLocals' 'Ljava/lang/ThreadLocal$ThreadLocalMap;' @72  a 'java/lang/ThreadLocal$ThreadLocalMap'{0x000000062140df70} (0xc4281bee)
 - 'inheritableThreadLocals' 'Ljava/lang/ThreadLocal$ThreadLocalMap;' @76  null (0x00000000)
 - private 'scopedValueBindings' 'Ljava/lang/Object;' @80  a 'java/lang/Class'{0x00000007ffc7c258} = 'java/lang/Thread' (0xfff8f84b)
 - final 'interruptLock' 'Ljava/lang/Object;' @84  a 'java/lang/Object'{0x000000062140e188} (0xc4281c31)
 - private volatile 'parkBlocker' 'Ljava/lang/Object;' @88  null (0x00000000)
 - private 'nioBlocker' 'Lsun/nio/ch/Interruptible;' @92  null (0x00000000)
 - private 'cont' 'Ljdk/internal/vm/Continuation;' @96  null (0x00000000)
 - private volatile 'uncaughtExceptionHandler' 'Ljava/lang/Thread$UncaughtExceptionHandler;' @100  null (0x00000000)
 - private 'container' 'Ljdk/internal/vm/ThreadContainer;' @104  null (0x00000000)
 - private volatile 'headStackableScopes' 'Ljdk/internal/vm/StackableScope;' @108  null (0x00000000)
R10=0x00007ffb5c4e9fb0 jvm.dll
R11=0x0000000000000004 is an unknown value
R12=0x0000005e5a6fed80 is pointing into the stack for thread: 0x0000018f4100c2d0
R13=0x0000018f41e6ffb0 points into unknown readable memory: 0x00007ffb5c45a510 | 10 a5 45 5c fb 7f 00 00
R14=0x0000018f4100c698 points into unknown readable memory: 0x00007ffb5c4517b0 | b0 17 45 5c fb 7f 00 00
R15=0x0000018f4100c698 points into unknown readable memory: 0x00007ffb5c4517b0 | b0 17 45 5c fb 7f 00 00

Top of Stack: (sp=0x0000005e5a6fec10)
0x0000005e5a6fec10:   0000005e5a6fed80 0000018f41e63220   ..oZ^... 2.A....
0x0000005e5a6fec20:   0000000000000000 0000018f4100ca20   ........ ..A....
0x0000005e5a6fec30:   0000000000000026 00007ffb78e434db   &........4.x....
0x0000005e5a6fec40:   0000000000000000 0000018f4100c698   ...........A....
0x0000005e5a6fec50:   0000005e5a6fed01 0000000000000000   ..oZ^...........
0x0000005e5a6fec60:   0000018f422da340 00007ffb78e42134   @.-B....4!.x....
0x0000005e5a6fec70:   0000000000000000 0000000000000026   ........&.......
0x0000005e5a6fec80:   0000000000000000 0000000000000026   ........&.......
0x0000005e5a6fec90:   0000000e6aa54040 0000018f41f370e0   @@.j.....p.A....
0x0000005e5a6feca0:   0000018f422da340 0000018f422da3d8   @.-B......-B....
0x0000005e5a6fecb0:   0000018f422da3e8 0000000000003d84   ..-B.....=......
0x0000005e5a6fecc0:   0000000000000000 0000000000000000   ................
0x0000005e5a6fecd0:   0000000000000000 00007ffb5bcb57d4   .........W.[....
0x0000005e5a6fece0:   00007ffb78f9ae00 0000000000003ec4   ...x.....>......
0x0000005e5a6fecf0:   00007ffb78f9ae00 00000000ffffffff   ...x............
0x0000005e5a6fed00:   0000000000000000 00007ffb78e429aa   .........).x....
0x0000005e5a6fed10:   0000018f4100c698 0000000000000000   ...A............
0x0000005e5a6fed20:   0000005e5a6fed89 0000018f41e6ffb0   ..oZ^......A....
0x0000005e5a6fed30:   0000000000000004 0000000000000048   ........H.......
0x0000005e5a6fed40:   0000000800800310 0000000000000020   ........ .......
0x0000005e5a6fed50:   0000018f4100c698 00007ffb78f9ae00   ...A.......x....
0x0000005e5a6fed60:   0000018f67883890 0000018f41d872f0   .8.g.....r.A....
0x0000005e5a6fed70:   0000000800800390 0000018f4100c698   ...........A....
0x0000005e5a6fed80:   0000018f6f428990 0000018f6f428e50   ..Bo....P.Bo....
0x0000005e5a6fed90:   0000018f6f428e50 00007ffb78f9ae00   P.Bo.......x....
0x0000005e5a6feda0:   0000018f41f66c00 0000018f43790000   .l.A......yC....
0x0000005e5a6fedb0:   0000005e5a6ff050 0000000000008840   P.oZ^...@.......
0x0000005e5a6fedc0:   0000005e5a6ff230 00007ffb78f9ae50   0.oZ^...P..x....
0x0000005e5a6fedd0:   0000000000989680 0000000000989680   ................
0x0000005e5a6fede0:   0000005e5a6feef0 00007ffb78e3d561   ..oZ^...a..x....
0x0000005e5a6fedf0:   00007ffb78f9ae00 00007ffb78f9ae58   ...x....X..x....
0x0000005e5a6fee00:   00007ffb00000000 00007ffb00000001   ................

Instructions: (pc=0x00007ffb78e43004)
  0x00007ffb78e42f04:   cc cc cc cc cc cc cc cc cc cc cc cc cc cc cc cc
  0x00007ffb78e42f14:   cc cc cc cc cc cc cc cc cc cc cc cc cc cc cc cc
  0x00007ffb78e42f24:   cc cc cc cc cc cc cc cc cc cc cc cc cc cc cc cc
  0x00007ffb78e42f34:   cc cc cc cc cc cc cc cc cc cc cc cc cc cc cc cc
  0x00007ffb78e42f44:   cc cc cc cc cc cc cc cc cc cc cc cc cc cc cc cc
  0x00007ffb78e42f54:   cc cc cc cc cc cc cc cc cc cc cc cc cc cc cc cc
  0x00007ffb78e42f64:   cc cc cc cc cc cc cc cc cc cc cc cc cc cc cc cc
  0x00007ffb78e42f74:   cc cc cc cc cc cc cc cc cc cc cc cc cc cc cc cc
  0x00007ffb78e42f84:   cc cc cc cc cc cc cc cc cc cc cc cc 40 57 48 83
  0x00007ffb78e42f94:   ec 20 48 8b f9 48 8b 0d 30 80 15 00 48 85 c9 74
  0x00007ffb78e42fa4:   20 48 8b 01 48 8d 54 24 38 41 b8 06 00 01 00 4c
  0x00007ffb78e42fb4:   8b 48 30 41 ff d1 85 c0 75 07 48 8b 4c 24 38 eb
  0x00007ffb78e42fc4:   02 33 c9 4c 8b 05 0a 81 15 00 48 89 5c 24 30 4d
  0x00007ffb78e42fd4:   85 c0 74 4a 48 8b 01 48 8b d7 4c 8b 88 28 03 00
  0x00007ffb78e42fe4:   00 41 ff d1 48 85 c0 74 35 48 63 0d b8 3d 15 00
  0x00007ffb78e42ff4:   48 8b 14 01 48 85 d2 74 15 48 63 05 bc 3d 15 00
=>0x00007ffb78e43004:   8b 04 10 48 8b 5c 24 30 48 83 c4 20 5f c3 b8 ff
  0x00007ffb78e43014:   ff ff ff 48 8b 5c 24 30 48 83 c4 20 5f c3 80 3d
  0x00007ffb78e43024:   bb 7f 15 00 00 bb ff ff ff ff 74 20 4c 8b 0d 51
  0x00007ffb78e43034:   7c 15 00 4c 8d 44 24 38 48 8b 0d 35 7c 15 00 48
  0x00007ffb78e43044:   8b d7 41 ff d1 85 c0 0f 44 5c 24 38 8b c3 48 8b
  0x00007ffb78e43054:   5c 24 30 48 83 c4 20 5f c3 cc cc cc cc cc cc cc
  0x00007ffb78e43064:   cc cc cc cc cc cc cc cc cc cc cc cc cc cc cc cc
  0x00007ffb78e43074:   cc cc cc cc cc cc cc cc cc cc cc cc cc cc cc cc
  0x00007ffb78e43084:   cc cc cc cc cc cc cc cc cc cc cc cc 48 89 54 24
  0x00007ffb78e43094:   10 53 55 56 57 41 56 41 57 48 83 ec 28 48 8b f2
  0x00007ffb78e430a4:   4c 8b f1 48 89 4c 24 78 45 33 ff 44 89 7c 24 68
  0x00007ffb78e430b4:   c7 44 24 60 01 00 00 00 48 8d 4c 24 68 e8 69 3c
  0x00007ffb78e430c4:   f7 ff 8b d8 48 8d 4c 24 60 e8 5d 3c f7 ff 8b e8
  0x00007ffb78e430d4:   49 8b ce e8 33 f3 f6 ff 48 8b f8 90 8b c3 f0 0f
  0x00007ffb78e430e4:   b1 2f 74 04 f3 90 eb f4 4c 89 3e 4c 89 7e 08 4c
  0x00007ffb78e430f4:   89 7e 10 49 8b 6e 08 4d 8b 76 10 49 3b ee 0f 84


Stack slot to memory mapping:

stack at sp + 0 slots: 0x0000005e5a6fed80 is pointing into the stack for thread: 0x0000018f4100c2d0
stack at sp + 1 slots: 0x0000018f41e63220 points into unknown readable memory: 0x0000000616823d58 | 58 3d 82 16 06 00 00 00
stack at sp + 2 slots: 0x0 is null
stack at sp + 3 slots: 0x0000018f4100ca20 points into unknown readable memory: 0x6e616c2e6176616a | 6a 61 76 61 2e 6c 61 6e
stack at sp + 4 slots: 0x0000000000000026 is an unknown value
stack at sp + 5 slots: 0x00007ffb78e434db libasyncProfiler.dll
stack at sp + 6 slots: 0x0 is null
stack at sp + 7 slots: 0x0000018f4100c698 points into unknown readable memory: 0x00007ffb5c4517b0 | b0 17 45 5c fb 7f 00 00

Lock stack of current Java thread (top to bottom):


---------------  P R O C E S S  ---------------

Threads class SMR info:
_java_thread_list=0x0000018f4132dc70, length=20, elements={
0x0000018f45bc9270, 0x0000018f679be810, 0x0000018f410070d0, 0x0000018f410092f0,
0x0000018f4100c2d0, 0x0000018f4100f7d0, 0x0000018f41014ba0, 0x0000018f4103db10,
0x0000018f41041060, 0x0000018f4119a840, 0x0000018f41284970, 0x0000018f41285480,
0x0000018f413e4670, 0x0000018f413ea240, 0x0000018f413efa00, 0x0000018f4156fe80,
0x0000018f41755330, 0x0000018f41754ba0, 0x0000018f42256aa0, 0x0000018f41333cb0
}

Java Threads: ( => current thread )
  0x0000018f45bc9270 JavaThread "main"                              [_thread_in_Java, id=12832, stack(0x0000005e59b00000,0x0000005e59c00000) (1024K)]
  0x0000018f679be810 JavaThread "Reference Handler"          daemon [_thread_blocked, id=25548, stack(0x0000005e5a300000,0x0000005e5a400000) (1024K)]
  0x0000018f410070d0 JavaThread "Finalizer"                  daemon [_thread_blocked, id=19064, stack(0x0000005e5a400000,0x0000005e5a500000) (1024K)]
  0x0000018f410092f0 JavaThread "Signal Dispatcher"          daemon [_thread_blocked, id=30156, stack(0x0000005e5a500000,0x0000005e5a600000) (1024K)]
=>0x0000018f4100c2d0 JavaThread "Attach Listener"            daemon [_thread_in_native, id=24760, stack(0x0000005e5a600000,0x0000005e5a700000) (1024K)]
  0x0000018f4100f7d0 JavaThread "Service Thread"             daemon [_thread_blocked, id=1932, stack(0x0000005e5a700000,0x0000005e5a800000) (1024K)]
  0x0000018f41014ba0 JavaThread "Monitor Deflation Thread"   daemon [_thread_blocked, id=26920, stack(0x0000005e5a800000,0x0000005e5a900000) (1024K)]
  0x0000018f4103db10 JavaThread "C2 CompilerThread0"         daemon [_thread_blocked, id=11656, stack(0x0000005e5a900000,0x0000005e5aa00000) (1024K)]
  0x0000018f41041060 JavaThread "C1 CompilerThread0"         daemon [_thread_blocked, id=27144, stack(0x0000005e5aa00000,0x0000005e5ab00000) (1024K)]
  0x0000018f4119a840 JavaThread "Common-Cleaner"             daemon [_thread_blocked, id=19412, stack(0x0000005e5ab00000,0x0000005e5ac00000) (1024K)]
  0x0000018f41284970 JavaThread "Monitor Ctrl-Break"         daemon [_thread_in_native, id=20952, stack(0x0000005e5ac00000,0x0000005e5ad00000) (1024K)]
  0x0000018f41285480 JavaThread "Notification Thread"        daemon [_thread_blocked, id=13948, stack(0x0000005e5ad00000,0x0000005e5ae00000) (1024K)]
  0x0000018f413e4670 JavaThread "RMI TCP Accept-0"           daemon [_thread_in_native, id=7704, stack(0x0000005e5b000000,0x0000005e5b100000) (1024K)]
  0x0000018f413ea240 JavaThread "RMI TCP Connection(1)-192.168.42.131" daemon [_thread_in_native, id=25564, stack(0x0000005e5b100000,0x0000005e5b200000) (1024K)]
  0x0000018f413efa00 JavaThread "RMI Scheduler(0)"           daemon [_thread_blocked, id=3704, stack(0x0000005e5b200000,0x0000005e5b300000) (1024K)]
  0x0000018f4156fe80 JavaThread "JMX server connection timeout 31" daemon [_thread_blocked, id=25812, stack(0x0000005e5b300000,0x0000005e5b400000) (1024K)]
  0x0000018f41755330 JavaThread "C2 CompilerThread1"         daemon [_thread_blocked, id=10824, stack(0x0000005e5ae00000,0x0000005e5af00000) (1024K)]
  0x0000018f41754ba0 JavaThread "C2 CompilerThread2"         daemon [_thread_blocked, id=27740, stack(0x0000005e5af00000,0x0000005e5b000000) (1024K)]
  0x0000018f42256aa0 JavaThread "JFR Recorder Thread"        daemon [_thread_in_native, id=21108, stack(0x0000005e5bb00000,0x0000005e5bc00000) (1024K)]
  0x0000018f41333cb0 JavaThread "JFR Periodic Tasks"         daemon [_thread_blocked, id=15748, stack(0x0000005e5bc00000,0x0000005e5bd00000) (1024K)]
Total: 20

Other Threads:
  0x0000018f679b3f50 VMThread "VM Thread"                           [id=7580, stack(0x0000005e5a200000,0x0000005e5a300000) (1024K)]
  0x0000018f67880ee0 WatcherThread "VM Periodic Task Thread"        [id=4500, stack(0x0000005e5a100000,0x0000005e5a200000) (1024K)]
  0x0000018f45c31770 WorkerThread "GC Thread#0"                     [id=22832, stack(0x0000005e59c00000,0x0000005e59d00000) (1024K)]
  0x0000018f4157b970 WorkerThread "GC Thread#1"                     [id=10972, stack(0x0000005e5b400000,0x0000005e5b500000) (1024K)]
  0x0000018f4157bd20 WorkerThread "GC Thread#2"                     [id=28476, stack(0x0000005e5b500000,0x0000005e5b600000) (1024K)]
  0x0000018f4157c0d0 WorkerThread "GC Thread#3"                     [id=24108, stack(0x0000005e5b600000,0x0000005e5b700000) (1024K)]
  0x0000018f4157c480 WorkerThread "GC Thread#4"                     [id=30044, stack(0x0000005e5b700000,0x0000005e5b800000) (1024K)]
  0x0000018f41881000 WorkerThread "GC Thread#5"                     [id=29352, stack(0x0000005e5b800000,0x0000005e5b900000) (1024K)]
  0x0000018f418813b0 WorkerThread "GC Thread#6"                     [id=26224, stack(0x0000005e5b900000,0x0000005e5ba00000) (1024K)]
  0x0000018f41881760 WorkerThread "GC Thread#7"                     [id=4756, stack(0x0000005e5ba00000,0x0000005e5bb00000) (1024K)]
  0x0000018f45c466d0 ConcurrentGCThread "G1 Main Marker"            [id=24820, stack(0x0000005e59d00000,0x0000005e59e00000) (1024K)]
  0x0000018f45c471e0 WorkerThread "G1 Conc#0"                       [id=19660, stack(0x0000005e59e00000,0x0000005e59f00000) (1024K)]
  0x0000018f678660e0 ConcurrentGCThread "G1 Refine#0"               [id=26808, stack(0x0000005e59f00000,0x0000005e5a000000) (1024K)]
  0x0000018f67866a70 ConcurrentGCThread "G1 Service"                [id=28392, stack(0x0000005e5a000000,0x0000005e5a100000) (1024K)]
Total: 14

Threads with active compile tasks:
Total: 0

VM state: not at safepoint (normal execution)

VM Mutex/Monitor currently owned by a thread: None

Heap address: 0x0000000604c00000, size: 8116 MB, Compressed Oops mode: Zero based, Oop shift amount: 3

CDS archive(s) mapped at: [0x0000018f00000000-0x0000018f00d40000-0x0000018f00d40000), size 13893632, SharedBaseAddress: 0x0000018f00000000, ArchiveRelocationMode: 1.
Compressed class space mapped at: 0x0000018f01000000-0x0000018f41000000, reserved size: 1073741824
UseCompressedClassPointers 1, UseCompactObjectHeaders 0
Narrow klass pointer bits 32, Max shift 3
Narrow klass base: 0x0000018f00000000, Narrow klass shift: 0
Encoding Range: [0x0000018f00000000 - 0x0000019000000000), (4294967296 bytes)
Klass Range:    [0x0000018f00000000 - 0x0000018f41000000), (1090519040 bytes)
Klass ID Range:  [8 - 1090519033) (1090519025)

GC Precious Log:
 CardTable entry size: 512
 Card Set container configuration: InlinePtr #cards 4 size 8 Array Of Cards #cards 32 size 80 Howl #buckets 8 coarsen threshold 7372 Howl Bitmap #cards 1024 size 144 coarsen threshold 921 Card regions per heap region 1 cards per card region 8192
 CPUs: 8 total, 8 available
 Memory: 32448M
 Large Page Support: Disabled
 NUMA Support: Disabled
 Compressed Oops: Enabled (Zero based)
 Heap Region Size: 4M
 Heap Min Capacity: 8M
 Heap Initial Capacity: 508M
 Heap Max Capacity: 8116M
 Pre-touch: Disabled
 Parallel Workers: 8
 Concurrent Workers: 2
 Concurrent Refinement Workers: 8
 Periodic GC: Disabled

Heap:
 garbage-first heap   total reserved 8310784K, committed 524288K, used 13717K [0x0000000604c00000, 0x0000000800000000)
  region size 4096K, 5 young (20480K), 2 survivors (8192K)
 Metaspace       used 8036K, committed 8320K, reserved 1114112K
  class space    used 751K, committed 896K, reserved 1048576K

Heap Regions: E=young(eden), S=young(survivor), O=old, HS=humongous(starts), HC=humongous(continues), CS=collection set, F=free, TAMS=top-at-mark-start, PB=parsable bottom
|   0|0x0000000604c00000, 0x0000000604c00000, 0x0000000605000000|  0%| F|  |TAMS 0x0000000604c00000| PB 0x0000000604c00000| Untracked |  0
|   1|0x0000000605000000, 0x0000000605000000, 0x0000000605400000|  0%| F|  |TAMS 0x0000000605000000| PB 0x0000000605000000| Untracked |  0
|   2|0x0000000605400000, 0x0000000605400000, 0x0000000605800000|  0%| F|  |TAMS 0x0000000605400000| PB 0x0000000605400000| Untracked |  0
|   3|0x0000000605800000, 0x0000000605800000, 0x0000000605c00000|  0%| F|  |TAMS 0x0000000605800000| PB 0x0000000605800000| Untracked |  0
|   4|0x0000000605c00000, 0x0000000605c00000, 0x0000000606000000|  0%| F|  |TAMS 0x0000000605c00000| PB 0x0000000605c00000| Untracked |  0
|   5|0x0000000606000000, 0x0000000606000000, 0x0000000606400000|  0%| F|  |TAMS 0x0000000606000000| PB 0x0000000606000000| Untracked |  0
|   6|0x0000000606400000, 0x0000000606400000, 0x0000000606800000|  0%| F|  |TAMS 0x0000000606400000| PB 0x0000000606400000| Untracked |  0
|   7|0x0000000606800000, 0x0000000606800000, 0x0000000606c00000|  0%| F|  |TAMS 0x0000000606800000| PB 0x0000000606800000| Untracked |  0
|   8|0x0000000606c00000, 0x0000000606c00000, 0x0000000607000000|  0%| F|  |TAMS 0x0000000606c00000| PB 0x0000000606c00000| Untracked |  0
|   9|0x0000000607000000, 0x0000000607000000, 0x0000000607400000|  0%| F|  |TAMS 0x0000000607000000| PB 0x0000000607000000| Untracked |  0
|  10|0x0000000607400000, 0x0000000607400000, 0x0000000607800000|  0%| F|  |TAMS 0x0000000607400000| PB 0x0000000607400000| Untracked |  0
|  11|0x0000000607800000, 0x0000000607800000, 0x0000000607c00000|  0%| F|  |TAMS 0x0000000607800000| PB 0x0000000607800000| Untracked |  0
|  12|0x0000000607c00000, 0x0000000607c00000, 0x0000000608000000|  0%| F|  |TAMS 0x0000000607c00000| PB 0x0000000607c00000| Untracked |  0
|  13|0x0000000608000000, 0x0000000608000000, 0x0000000608400000|  0%| F|  |TAMS 0x0000000608000000| PB 0x0000000608000000| Untracked |  0
|  14|0x0000000608400000, 0x0000000608400000, 0x0000000608800000|  0%| F|  |TAMS 0x0000000608400000| PB 0x0000000608400000| Untracked |  0
|  15|0x0000000608800000, 0x0000000608800000, 0x0000000608c00000|  0%| F|  |TAMS 0x0000000608800000| PB 0x0000000608800000| Untracked |  0
|  16|0x0000000608c00000, 0x0000000608c00000, 0x0000000609000000|  0%| F|  |TAMS 0x0000000608c00000| PB 0x0000000608c00000| Untracked |  0
|  17|0x0000000609000000, 0x0000000609000000, 0x0000000609400000|  0%| F|  |TAMS 0x0000000609000000| PB 0x0000000609000000| Untracked |  0
|  18|0x0000000609400000, 0x0000000609400000, 0x0000000609800000|  0%| F|  |TAMS 0x0000000609400000| PB 0x0000000609400000| Untracked |  0
|  19|0x0000000609800000, 0x0000000609800000, 0x0000000609c00000|  0%| F|  |TAMS 0x0000000609800000| PB 0x0000000609800000| Untracked |  0
|  20|0x0000000609c00000, 0x0000000609c00000, 0x000000060a000000|  0%| F|  |TAMS 0x0000000609c00000| PB 0x0000000609c00000| Untracked |  0
|  21|0x000000060a000000, 0x000000060a000000, 0x000000060a400000|  0%| F|  |TAMS 0x000000060a000000| PB 0x000000060a000000| Untracked |  0
|  22|0x000000060a400000, 0x000000060a400000, 0x000000060a800000|  0%| F|  |TAMS 0x000000060a400000| PB 0x000000060a400000| Untracked |  0
|  23|0x000000060a800000, 0x000000060a800000, 0x000000060ac00000|  0%| F|  |TAMS 0x000000060a800000| PB 0x000000060a800000| Untracked |  0
|  24|0x000000060ac00000, 0x000000060ac00000, 0x000000060b000000|  0%| F|  |TAMS 0x000000060ac00000| PB 0x000000060ac00000| Untracked |  0
|  25|0x000000060b000000, 0x000000060b000000, 0x000000060b400000|  0%| F|  |TAMS 0x000000060b000000| PB 0x000000060b000000| Untracked |  0
|  26|0x000000060b400000, 0x000000060b400000, 0x000000060b800000|  0%| F|  |TAMS 0x000000060b400000| PB 0x000000060b400000| Untracked |  0
|  27|0x000000060b800000, 0x000000060b800000, 0x000000060bc00000|  0%| F|  |TAMS 0x000000060b800000| PB 0x000000060b800000| Untracked |  0
|  28|0x000000060bc00000, 0x000000060bc00000, 0x000000060c000000|  0%| F|  |TAMS 0x000000060bc00000| PB 0x000000060bc00000| Untracked |  0
|  29|0x000000060c000000, 0x000000060c000000, 0x000000060c400000|  0%| F|  |TAMS 0x000000060c000000| PB 0x000000060c000000| Untracked |  0
|  30|0x000000060c400000, 0x000000060c400000, 0x000000060c800000|  0%| F|  |TAMS 0x000000060c400000| PB 0x000000060c400000| Untracked |  0
|  31|0x000000060c800000, 0x000000060c800000, 0x000000060cc00000|  0%| F|  |TAMS 0x000000060c800000| PB 0x000000060c800000| Untracked |  0
|  32|0x000000060cc00000, 0x000000060cc00000, 0x000000060d000000|  0%| F|  |TAMS 0x000000060cc00000| PB 0x000000060cc00000| Untracked |  0
|  33|0x000000060d000000, 0x000000060d000000, 0x000000060d400000|  0%| F|  |TAMS 0x000000060d000000| PB 0x000000060d000000| Untracked |  0
|  34|0x000000060d400000, 0x000000060d400000, 0x000000060d800000|  0%| F|  |TAMS 0x000000060d400000| PB 0x000000060d400000| Untracked |  0
|  35|0x000000060d800000, 0x000000060d800000, 0x000000060dc00000|  0%| F|  |TAMS 0x000000060d800000| PB 0x000000060d800000| Untracked |  0
|  36|0x000000060dc00000, 0x000000060dc00000, 0x000000060e000000|  0%| F|  |TAMS 0x000000060dc00000| PB 0x000000060dc00000| Untracked |  0
|  37|0x000000060e000000, 0x000000060e000000, 0x000000060e400000|  0%| F|  |TAMS 0x000000060e000000| PB 0x000000060e000000| Untracked |  0
|  38|0x000000060e400000, 0x000000060e400000, 0x000000060e800000|  0%| F|  |TAMS 0x000000060e400000| PB 0x000000060e400000| Untracked |  0
|  39|0x000000060e800000, 0x000000060e800000, 0x000000060ec00000|  0%| F|  |TAMS 0x000000060e800000| PB 0x000000060e800000| Untracked |  0
|  40|0x000000060ec00000, 0x000000060ec00000, 0x000000060f000000|  0%| F|  |TAMS 0x000000060ec00000| PB 0x000000060ec00000| Untracked |  0
|  41|0x000000060f000000, 0x000000060f000000, 0x000000060f400000|  0%| F|  |TAMS 0x000000060f000000| PB 0x000000060f000000| Untracked |  0
|  42|0x000000060f400000, 0x000000060f400000, 0x000000060f800000|  0%| F|  |TAMS 0x000000060f400000| PB 0x000000060f400000| Untracked |  0
|  43|0x000000060f800000, 0x000000060f800000, 0x000000060fc00000|  0%| F|  |TAMS 0x000000060f800000| PB 0x000000060f800000| Untracked |  0
|  44|0x000000060fc00000, 0x000000060fc00000, 0x0000000610000000|  0%| F|  |TAMS 0x000000060fc00000| PB 0x000000060fc00000| Untracked |  0
|  45|0x0000000610000000, 0x0000000610000000, 0x0000000610400000|  0%| F|  |TAMS 0x0000000610000000| PB 0x0000000610000000| Untracked |  0
|  46|0x0000000610400000, 0x0000000610400000, 0x0000000610800000|  0%| F|  |TAMS 0x0000000610400000| PB 0x0000000610400000| Untracked |  0
|  47|0x0000000610800000, 0x0000000610800000, 0x0000000610c00000|  0%| F|  |TAMS 0x0000000610800000| PB 0x0000000610800000| Untracked |  0
|  48|0x0000000610c00000, 0x0000000610c00000, 0x0000000611000000|  0%| F|  |TAMS 0x0000000610c00000| PB 0x0000000610c00000| Untracked |  0
|  49|0x0000000611000000, 0x0000000611000000, 0x0000000611400000|  0%| F|  |TAMS 0x0000000611000000| PB 0x0000000611000000| Untracked |  0
|  50|0x0000000611400000, 0x0000000611400000, 0x0000000611800000|  0%| F|  |TAMS 0x0000000611400000| PB 0x0000000611400000| Untracked |  0
|  51|0x0000000611800000, 0x0000000611800000, 0x0000000611c00000|  0%| F|  |TAMS 0x0000000611800000| PB 0x0000000611800000| Untracked |  0
|  52|0x0000000611c00000, 0x0000000611c00000, 0x0000000612000000|  0%| F|  |TAMS 0x0000000611c00000| PB 0x0000000611c00000| Untracked |  0
|  53|0x0000000612000000, 0x0000000612000000, 0x0000000612400000|  0%| F|  |TAMS 0x0000000612000000| PB 0x0000000612000000| Untracked |  0
|  54|0x0000000612400000, 0x0000000612400000, 0x0000000612800000|  0%| F|  |TAMS 0x0000000612400000| PB 0x0000000612400000| Untracked |  0
|  55|0x0000000612800000, 0x0000000612800000, 0x0000000612c00000|  0%| F|  |TAMS 0x0000000612800000| PB 0x0000000612800000| Untracked |  0
|  56|0x0000000612c00000, 0x0000000612c00000, 0x0000000613000000|  0%| F|  |TAMS 0x0000000612c00000| PB 0x0000000612c00000| Untracked |  0
|  57|0x0000000613000000, 0x0000000613000000, 0x0000000613400000|  0%| F|  |TAMS 0x0000000613000000| PB 0x0000000613000000| Untracked |  0
|  58|0x0000000613400000, 0x0000000613400000, 0x0000000613800000|  0%| F|  |TAMS 0x0000000613400000| PB 0x0000000613400000| Untracked |  0
|  59|0x0000000613800000, 0x0000000613800000, 0x0000000613c00000|  0%| F|  |TAMS 0x0000000613800000| PB 0x0000000613800000| Untracked |  0
|  60|0x0000000613c00000, 0x0000000613c00000, 0x0000000614000000|  0%| F|  |TAMS 0x0000000613c00000| PB 0x0000000613c00000| Untracked |  0
|  61|0x0000000614000000, 0x0000000614000000, 0x0000000614400000|  0%| F|  |TAMS 0x0000000614000000| PB 0x0000000614000000| Untracked |  0
|  62|0x0000000614400000, 0x0000000614400000, 0x0000000614800000|  0%| F|  |TAMS 0x0000000614400000| PB 0x0000000614400000| Untracked |  0
|  63|0x0000000614800000, 0x0000000614800000, 0x0000000614c00000|  0%| F|  |TAMS 0x0000000614800000| PB 0x0000000614800000| Untracked |  0
|  64|0x0000000614c00000, 0x0000000614c00000, 0x0000000615000000|  0%| F|  |TAMS 0x0000000614c00000| PB 0x0000000614c00000| Untracked |  0
|  65|0x0000000615000000, 0x0000000615000000, 0x0000000615400000|  0%| F|  |TAMS 0x0000000615000000| PB 0x0000000615000000| Untracked |  0
|  66|0x0000000615400000, 0x0000000615400000, 0x0000000615800000|  0%| F|  |TAMS 0x0000000615400000| PB 0x0000000615400000| Untracked |  0
|  67|0x0000000615800000, 0x0000000615800000, 0x0000000615c00000|  0%| F|  |TAMS 0x0000000615800000| PB 0x0000000615800000| Untracked |  0
|  68|0x0000000615c00000, 0x0000000615c00000, 0x0000000616000000|  0%| F|  |TAMS 0x0000000615c00000| PB 0x0000000615c00000| Untracked |  0
|  69|0x0000000616000000, 0x0000000616000000, 0x0000000616400000|  0%| F|  |TAMS 0x0000000616000000| PB 0x0000000616000000| Untracked |  0
|  70|0x0000000616400000, 0x0000000616449458, 0x0000000616800000|  7%| S|CS|TAMS 0x0000000616400000| PB 0x0000000616400000| Complete |  0
|  71|0x0000000616800000, 0x0000000616c00000, 0x0000000616c00000|100%| S|CS|TAMS 0x0000000616800000| PB 0x0000000616800000| Complete |  0
|  72|0x0000000616c00000, 0x0000000616c00000, 0x0000000617000000|  0%| F|  |TAMS 0x0000000616c00000| PB 0x0000000616c00000| Untracked |  0
|  73|0x0000000617000000, 0x0000000617000000, 0x0000000617400000|  0%| F|  |TAMS 0x0000000617000000| PB 0x0000000617000000| Untracked |  0
|  74|0x0000000617400000, 0x0000000617400000, 0x0000000617800000|  0%| F|  |TAMS 0x0000000617400000| PB 0x0000000617400000| Untracked |  0
|  75|0x0000000617800000, 0x0000000617800000, 0x0000000617c00000|  0%| F|  |TAMS 0x0000000617800000| PB 0x0000000617800000| Untracked |  0
|  76|0x0000000617c00000, 0x0000000617c00000, 0x0000000618000000|  0%| F|  |TAMS 0x0000000617c00000| PB 0x0000000617c00000| Untracked |  0
|  77|0x0000000618000000, 0x0000000618000000, 0x0000000618400000|  0%| F|  |TAMS 0x0000000618000000| PB 0x0000000618000000| Untracked |  0
|  78|0x0000000618400000, 0x0000000618400000, 0x0000000618800000|  0%| F|  |TAMS 0x0000000618400000| PB 0x0000000618400000| Untracked |  0
|  79|0x0000000618800000, 0x0000000618800000, 0x0000000618c00000|  0%| F|  |TAMS 0x0000000618800000| PB 0x0000000618800000| Untracked |  0
|  80|0x0000000618c00000, 0x0000000618c00000, 0x0000000619000000|  0%| F|  |TAMS 0x0000000618c00000| PB 0x0000000618c00000| Untracked |  0
|  81|0x0000000619000000, 0x0000000619000000, 0x0000000619400000|  0%| F|  |TAMS 0x0000000619000000| PB 0x0000000619000000| Untracked |  0
|  82|0x0000000619400000, 0x0000000619400000, 0x0000000619800000|  0%| F|  |TAMS 0x0000000619400000| PB 0x0000000619400000| Untracked |  0
|  83|0x0000000619800000, 0x0000000619800000, 0x0000000619c00000|  0%| F|  |TAMS 0x0000000619800000| PB 0x0000000619800000| Untracked |  0
|  84|0x0000000619c00000, 0x0000000619c00000, 0x000000061a000000|  0%| F|  |TAMS 0x0000000619c00000| PB 0x0000000619c00000| Untracked |  0
|  85|0x000000061a000000, 0x000000061a000000, 0x000000061a400000|  0%| F|  |TAMS 0x000000061a000000| PB 0x000000061a000000| Untracked |  0
|  86|0x000000061a400000, 0x000000061a400000, 0x000000061a800000|  0%| F|  |TAMS 0x000000061a400000| PB 0x000000061a400000| Untracked |  0
|  87|0x000000061a800000, 0x000000061a800000, 0x000000061ac00000|  0%| F|  |TAMS 0x000000061a800000| PB 0x000000061a800000| Untracked |  0
|  88|0x000000061ac00000, 0x000000061ac00000, 0x000000061b000000|  0%| F|  |TAMS 0x000000061ac00000| PB 0x000000061ac00000| Untracked |  0
|  89|0x000000061b000000, 0x000000061b000000, 0x000000061b400000|  0%| F|  |TAMS 0x000000061b000000| PB 0x000000061b000000| Untracked |  0
|  90|0x000000061b400000, 0x000000061b400000, 0x000000061b800000|  0%| F|  |TAMS 0x000000061b400000| PB 0x000000061b400000| Untracked |  0
|  91|0x000000061b800000, 0x000000061b800000, 0x000000061bc00000|  0%| F|  |TAMS 0x000000061b800000| PB 0x000000061b800000| Untracked |  0
|  92|0x000000061bc00000, 0x000000061bc00000, 0x000000061c000000|  0%| F|  |TAMS 0x000000061bc00000| PB 0x000000061bc00000| Untracked |  0
|  93|0x000000061c000000, 0x000000061c000000, 0x000000061c400000|  0%| F|  |TAMS 0x000000061c000000| PB 0x000000061c000000| Untracked |  0
|  94|0x000000061c400000, 0x000000061c400000, 0x000000061c800000|  0%| F|  |TAMS 0x000000061c400000| PB 0x000000061c400000| Untracked |  0
|  95|0x000000061c800000, 0x000000061c800000, 0x000000061cc00000|  0%| F|  |TAMS 0x000000061c800000| PB 0x000000061c800000| Untracked |  0
|  96|0x000000061cc00000, 0x000000061cc00000, 0x000000061d000000|  0%| F|  |TAMS 0x000000061cc00000| PB 0x000000061cc00000| Untracked |  0
|  97|0x000000061d000000, 0x000000061d000000, 0x000000061d400000|  0%| F|  |TAMS 0x000000061d000000| PB 0x000000061d000000| Untracked |  0
|  98|0x000000061d400000, 0x000000061d400000, 0x000000061d800000|  0%| F|  |TAMS 0x000000061d400000| PB 0x000000061d400000| Untracked |  0
|  99|0x000000061d800000, 0x000000061d800000, 0x000000061dc00000|  0%| F|  |TAMS 0x000000061d800000| PB 0x000000061d800000| Untracked |  0
| 100|0x000000061dc00000, 0x000000061dc00000, 0x000000061e000000|  0%| F|  |TAMS 0x000000061dc00000| PB 0x000000061dc00000| Untracked |  0
| 101|0x000000061e000000, 0x000000061e000000, 0x000000061e400000|  0%| F|  |TAMS 0x000000061e000000| PB 0x000000061e000000| Untracked |  0
| 102|0x000000061e400000, 0x000000061e400000, 0x000000061e800000|  0%| F|  |TAMS 0x000000061e400000| PB 0x000000061e400000| Untracked |  0
| 103|0x000000061e800000, 0x000000061e800000, 0x000000061ec00000|  0%| F|  |TAMS 0x000000061e800000| PB 0x000000061e800000| Untracked |  0
| 104|0x000000061ec00000, 0x000000061ec00000, 0x000000061f000000|  0%| F|  |TAMS 0x000000061ec00000| PB 0x000000061ec00000| Untracked |  0
| 105|0x000000061f000000, 0x000000061f000000, 0x000000061f400000|  0%| F|  |TAMS 0x000000061f000000| PB 0x000000061f000000| Untracked |  0
| 106|0x000000061f400000, 0x000000061f400000, 0x000000061f800000|  0%| F|  |TAMS 0x000000061f400000| PB 0x000000061f400000| Untracked |  0
| 107|0x000000061f800000, 0x000000061f800000, 0x000000061fc00000|  0%| F|  |TAMS 0x000000061f800000| PB 0x000000061f800000| Untracked |  0
| 108|0x000000061fc00000, 0x000000061fc00000, 0x0000000620000000|  0%| F|  |TAMS 0x000000061fc00000| PB 0x000000061fc00000| Untracked |  0
| 109|0x0000000620000000, 0x0000000620000000, 0x0000000620400000|  0%| F|  |TAMS 0x0000000620000000| PB 0x0000000620000000| Untracked |  0
| 110|0x0000000620400000, 0x0000000620400000, 0x0000000620800000|  0%| F|  |TAMS 0x0000000620400000| PB 0x0000000620400000| Untracked |  0
| 111|0x0000000620800000, 0x0000000620800000, 0x0000000620c00000|  0%| F|  |TAMS 0x0000000620800000| PB 0x0000000620800000| Untracked |  0
| 112|0x0000000620c00000, 0x0000000620c00000, 0x0000000621000000|  0%| F|  |TAMS 0x0000000620c00000| PB 0x0000000620c00000| Untracked |  0
| 113|0x0000000621000000, 0x0000000621000000, 0x0000000621400000|  0%| F|  |TAMS 0x0000000621000000| PB 0x0000000621000000| Untracked |  0
| 114|0x0000000621400000, 0x0000000621400000, 0x0000000621800000|  0%| F|  |TAMS 0x0000000621400000| PB 0x0000000621400000| Untracked |  0
| 115|0x0000000621800000, 0x0000000621800000, 0x0000000621c00000|  0%| F|  |TAMS 0x0000000621800000| PB 0x0000000621800000| Untracked |  0
| 116|0x0000000621c00000, 0x0000000621c00000, 0x0000000622000000|  0%| F|  |TAMS 0x0000000621c00000| PB 0x0000000621c00000| Untracked |  0
| 117|0x0000000622000000, 0x0000000622000000, 0x0000000622400000|  0%| F|  |TAMS 0x0000000622000000| PB 0x0000000622000000| Untracked |  0
| 118|0x0000000622400000, 0x0000000622400000, 0x0000000622800000|  0%| F|  |TAMS 0x0000000622400000| PB 0x0000000622400000| Untracked |  0
| 119|0x0000000622800000, 0x0000000622800000, 0x0000000622c00000|  0%| F|  |TAMS 0x0000000622800000| PB 0x0000000622800000| Untracked |  0
| 120|0x0000000622c00000, 0x0000000622c00000, 0x0000000623000000|  0%| F|  |TAMS 0x0000000622c00000| PB 0x0000000622c00000| Untracked |  0
| 121|0x0000000623000000, 0x0000000623000000, 0x0000000623400000|  0%| F|  |TAMS 0x0000000623000000| PB 0x0000000623000000| Untracked |  0
| 122|0x0000000623400000, 0x0000000623400000, 0x0000000623800000|  0%| F|  |TAMS 0x0000000623400000| PB 0x0000000623400000| Untracked |  0
| 123|0x0000000623800000, 0x0000000623800000, 0x0000000623c00000|  0%| F|  |TAMS 0x0000000623800000| PB 0x0000000623800000| Untracked |  0
| 124|0x0000000623c00000, 0x0000000623e00000, 0x0000000624000000| 50%| E|  |TAMS 0x0000000623c00000| PB 0x0000000623c00000| Complete |  0
| 125|0x0000000624000000, 0x0000000624400000, 0x0000000624400000|100%| E|CS|TAMS 0x0000000624000000| PB 0x0000000624000000| Complete |  0
| 126|0x0000000624400000, 0x0000000624800000, 0x0000000624800000|100%| E|CS|TAMS 0x0000000624400000| PB 0x0000000624400000| Complete |  0
|2028|0x00000007ffc00000, 0x00000007ffd1c288, 0x0000000800000000| 27%| O|  |TAMS 0x00000007ffc00000| PB 0x00000007ffc00000| Untracked |  0

Card table byte_map: [0x0000018f5e880000,0x0000018f5f860000] _byte_map_base: 0x0000018f5b85a000

Marking Bits: (CMBitMap*) 0x0000018f45c31e80
 Bits: [0x0000018f5f860000, 0x0000018f67730000)

Polling page: 0x0000018f43a70000

Metaspace:

Usage:
  Non-class:      7.11 MB used.
      Class:    751.17 KB used.
       Both:      7.85 MB used.

Virtual space:
  Non-class space:       64.00 MB reserved,       7.25 MB ( 11%) committed,  1 nodes.
      Class space:        1.00 GB reserved,     896.00 KB ( <1%) committed,  1 nodes.
             Both:        1.06 GB reserved,       8.12 MB ( <1%) committed. 

Chunk freelists:
   Non-Class:  8.47 MB
       Class:  15.18 MB
        Both:  23.66 MB

MaxMetaspaceSize: unlimited
CompressedClassSpaceSize: 1.00 GB
Initial GC threshold: 21.00 MB
Current GC threshold: 21.00 MB
CDS: on
 - commit_granule_bytes: 65536.
 - commit_granule_words: 8192.
 - virtual_space_node_default_size: 8388608.
 - enlarge_chunks_in_place: 1.
UseCompressedClassPointers 1, UseCompactObjectHeaders 0
Narrow klass pointer bits 32, Max shift 3
Narrow klass base: 0x0000018f00000000, Narrow klass shift: 0
Encoding Range: [0x0000018f00000000 - 0x0000019000000000), (4294967296 bytes)
Klass Range:    [0x0000018f00000000 - 0x0000018f41000000), (1090519040 bytes)
Klass ID Range:  [8 - 1090519033) (1090519025)


Internal statistics:

num_allocs_failed_limit: 0.
num_arena_births: 212.
num_arena_deaths: 0.
num_vsnodes_births: 2.
num_vsnodes_deaths: 0.
num_space_committed: 130.
num_space_uncommitted: 0.
num_chunks_returned_to_freelist: 0.
num_chunks_taken_from_freelist: 294.
num_chunk_merges: 0.
num_chunk_splits: 166.
num_chunks_enlarged: 52.
num_inconsistent_stats: 0.

CodeHeap 'non-profiled nmethods': size=120064Kb used=845Kb max_used=845Kb free=119218Kb
 bounds [0x0000018f55f20000, 0x0000018f56190000, 0x0000018f5d460000]
CodeHeap 'profiled nmethods': size=120000Kb used=2976Kb max_used=2976Kb free=117023Kb
 bounds [0x0000018f4e460000, 0x0000018f4e750000, 0x0000018f55990000]
CodeHeap 'non-nmethods': size=5696Kb used=1460Kb max_used=1508Kb free=4235Kb
 bounds [0x0000018f55990000, 0x0000018f55c00000, 0x0000018f55f20000]
CodeCache: size=245760Kb, used=5281Kb, max_used=5329Kb, free=240476Kb
 total_blobs=2677, nmethods=2170, adapters=412, full_count=0
Compilation: enabled, stopped_count=0, restarted_count=0

Compilation events (20 events):
Event: 6.066 Thread 0x0000018f41041060 2155       1       jdk.jfr.internal.settings.BooleanSetting::getValue (5 bytes)
Event: 6.066 Thread 0x0000018f41041060 nmethod 2155 0x0000018f55fe8908 code [0x0000018f55fe8a00, 0x0000018f55fe8ac8]
Event: 6.066 Thread 0x0000018f41041060 2160       1       jdk.jfr.internal.PlatformEventType::isEnabled (5 bytes)
Event: 6.066 Thread 0x0000018f41041060 nmethod 2160 0x0000018f55fe8c08 code [0x0000018f55fe8d00, 0x0000018f55fe8dc8]
Event: 6.066 Thread 0x0000018f41041060 2157       1       jdk.jfr.internal.EventControl::getEventType (5 bytes)
Event: 6.066 Thread 0x0000018f41041060 nmethod 2157 0x0000018f55fe8f08 code [0x0000018f55fe9000, 0x0000018f55fe90c8]
Event: 6.066 Thread 0x0000018f41041060 2158       1       jdk.jfr.internal.EventControl::getSettingsId (5 bytes)
Event: 6.066 Thread 0x0000018f41041060 nmethod 2158 0x0000018f55fe9208 code [0x0000018f55fe9300, 0x0000018f55fe93c8]
Event: 6.066 Thread 0x0000018f41041060 2159       1       jdk.jfr.internal.EventControl::getNamedControls (5 bytes)
Event: 6.066 Thread 0x0000018f41041060 nmethod 2159 0x0000018f55fe9508 code [0x0000018f55fe9600, 0x0000018f55fe96c8]
Event: 6.069 Thread 0x0000018f41041060 2161       1       jdk.jfr.internal.periodic.EventTask::getEventType (5 bytes)
Event: 6.069 Thread 0x0000018f41041060 nmethod 2161 0x0000018f55fe9808 code [0x0000018f55fe9900, 0x0000018f55fe99c8]
Event: 6.069 Thread 0x0000018f41041060 2162       1       jdk.jfr.internal.periodic.PeriodicTask::getPeriod (5 bytes)
Event: 6.069 Thread 0x0000018f41041060 nmethod 2162 0x0000018f55fe9b08 code [0x0000018f55fe9c00, 0x0000018f55fe9cc8]
Event: 6.070 Thread 0x0000018f41041060 2163       3       java.util.Comparator$$Lambda/0x0000018f010eaba8::compare (10 bytes)
Event: 6.070 Thread 0x0000018f41041060 nmethod 2163 0x0000018f4e745d08 code [0x0000018f4e745e60, 0x0000018f4e7462d8]
Event: 6.070 Thread 0x0000018f41041060 2164       3       java.util.Comparator::lambda$comparingLong$6043328a$1 (18 bytes)
Event: 6.070 Thread 0x0000018f41041060 nmethod 2164 0x0000018f4e746308 code [0x0000018f4e746460, 0x0000018f4e746840]
Event: 6.070 Thread 0x0000018f41755330 nmethod 2136 0x0000018f55fe9e08 code [0x0000018f55fea0a0, 0x0000018f55febc80]
Event: 6.077 Thread 0x0000018f4103db10 nmethod 2121 0x0000018f55febd88 code [0x0000018f55fec040, 0x0000018f55fed418]

GC Heap History (2 events):
Event: 0.822 GC heap before
{Heap before GC invocations=0 (full 0):
 garbage-first heap   total reserved 8310784K, committed 524288K, used 50288K [0x0000000604c00000, 0x0000000800000000)
  region size 4096K, 12 young (49152K), 0 survivors (0K)
 Metaspace       used 6315K, committed 6592K, reserved 1114112K
  class space    used 567K, committed 704K, reserved 1048576K
}
Event: 0.826 GC heap after
{Heap after GC invocations=1 (full 0):
 garbage-first heap   total reserved 8310784K, committed 524288K, used 3756K [0x0000000604c00000, 0x0000000800000000)
  region size 4096K, 1 young (4096K), 1 survivors (4096K)
 Metaspace       used 6315K, committed 6592K, reserved 1114112K
  class space    used 567K, committed 704K, reserved 1048576K
}

Dll operation events (12 events):
Event: 0.063 Loaded shared library C:\Users\z005067k\.jdks\openjdk-24.0.1\bin\java.dll
Event: 0.103 Loaded shared library C:\Users\z005067k\.jdks\openjdk-24.0.1\bin\jsvml.dll
Event: 0.146 Loaded shared library C:\Users\z005067k\.jdks\openjdk-24.0.1\bin\zip.dll
Event: 0.149 Loaded shared library C:\Users\z005067k\.jdks\openjdk-24.0.1\bin\instrument.dll
Event: 0.158 Loaded shared library C:\Users\z005067k\.jdks\openjdk-24.0.1\bin\net.dll
Event: 0.161 Loaded shared library C:\Users\z005067k\.jdks\openjdk-24.0.1\bin\nio.dll
Event: 0.166 Loaded shared library C:\Users\z005067k\.jdks\openjdk-24.0.1\bin\zip.dll
Event: 0.190 Loaded shared library C:\Users\z005067k\.jdks\openjdk-24.0.1\bin\extnet.dll
Event: 0.294 Loaded shared library C:\Users\z005067k\.jdks\openjdk-24.0.1\bin\jimage.dll
Event: 0.401 Loaded shared library C:\Users\z005067k\.jdks\openjdk-24.0.1\bin\management.dll
Event: 0.414 Loaded shared library C:\Users\z005067k\.jdks\openjdk-24.0.1\bin\management_ext.dll
Event: 5.795 Loaded shared library C:\Users\z005067k\AppData\Local\Temp\idea_libasyncProfiler_dll_temp_folder\libasyncProfiler.dll

Deoptimization events (20 events):
Event: 5.967 Thread 0x0000018f4100c2d0 Uncommon trap: trap_request=0xffffffde fr.pc=0x0000018f55fcc810 relative=0x0000000000000070
Event: 5.967 Thread 0x0000018f4100c2d0 Uncommon trap: reason=class_check action=maybe_recompile pc=0x0000018f55fcc810 method=jdk.jfr.FlightRecorderPermission$InternalAccess.getType(Ljava/lang/Object;)Ljdk/jfr/internal/Type; @ 18 c2
Event: 5.967 Thread 0x0000018f4100c2d0 DEOPT PACKING pc=0x0000018f55fcc810 sp=0x0000005e5a6fe170
Event: 5.967 Thread 0x0000018f4100c2d0 DEOPT UNPACKING pc=0x0000018f55ab5502 sp=0x0000005e5a6fe108 mode 2
Event: 5.968 Thread 0x0000018f4100c2d0 Uncommon trap: trap_request=0xffffffde fr.pc=0x0000018f55fcc810 relative=0x0000000000000070
Event: 5.968 Thread 0x0000018f4100c2d0 Uncommon trap: reason=class_check action=maybe_recompile pc=0x0000018f55fcc810 method=jdk.jfr.FlightRecorderPermission$InternalAccess.getType(Ljava/lang/Object;)Ljdk/jfr/internal/Type; @ 18 c2
Event: 5.968 Thread 0x0000018f4100c2d0 DEOPT PACKING pc=0x0000018f55fcc810 sp=0x0000005e5a6fe170
Event: 5.968 Thread 0x0000018f4100c2d0 DEOPT UNPACKING pc=0x0000018f55ab5502 sp=0x0000005e5a6fe108 mode 2
Event: 5.977 Thread 0x0000018f4100c2d0 Uncommon trap: trap_request=0xffffffcc fr.pc=0x0000018f55fcaf0c relative=0x00000000000003cc
Event: 5.977 Thread 0x0000018f4100c2d0 Uncommon trap: reason=intrinsic_or_type_checked_inlining action=make_not_entrant pc=0x0000018f55fcaf0c method=java.util.Arrays.copyOf([Ljava/lang/Object;ILjava/lang/Class;)[Ljava/lang/Object; @ 35 c2
Event: 5.977 Thread 0x0000018f4100c2d0 DEOPT PACKING pc=0x0000018f55fcaf0c sp=0x0000005e5a6fdff0
Event: 5.977 Thread 0x0000018f4100c2d0 DEOPT UNPACKING pc=0x0000018f55ab5502 sp=0x0000005e5a6fdf80 mode 2
Event: 6.048 Thread 0x0000018f4100c2d0 Uncommon trap: trap_request=0xffffff4d fr.pc=0x0000018f55fe432c relative=0x000000000000020c
Event: 6.048 Thread 0x0000018f4100c2d0 Uncommon trap: reason=unstable_if action=reinterpret pc=0x0000018f55fe432c method=java.io.ByteArrayOutputStream.ensureCapacity(I)V @ 11 c2
Event: 6.048 Thread 0x0000018f4100c2d0 DEOPT PACKING pc=0x0000018f55fe432c sp=0x0000005e5a6fe390
Event: 6.049 Thread 0x0000018f4100c2d0 DEOPT UNPACKING pc=0x0000018f55ab5502 sp=0x0000005e5a6fe2c8 mode 2
Event: 6.053 Thread 0x0000018f4100c2d0 Uncommon trap: trap_request=0xffffff4d fr.pc=0x0000018f55fe586c relative=0x000000000000054c
Event: 6.053 Thread 0x0000018f4100c2d0 Uncommon trap: reason=unstable_if action=reinterpret pc=0x0000018f55fe586c method=java.io.ByteArrayOutputStream.ensureCapacity(I)V @ 11 c2
Event: 6.053 Thread 0x0000018f4100c2d0 DEOPT PACKING pc=0x0000018f55fe586c sp=0x0000005e5a6fe2e0
Event: 6.053 Thread 0x0000018f4100c2d0 DEOPT UNPACKING pc=0x0000018f55ab5502 sp=0x0000005e5a6fe140 mode 2

Classes loaded (20 events):
Event: 6.031 Loading class jdk/jfr/internal/MetadataWriter
Event: 6.032 Loading class jdk/jfr/internal/MetadataWriter done
Event: 6.032 Loading class jdk/jfr/internal/MetadataDescriptor$Element
Event: 6.032 Loading class jdk/jfr/internal/MetadataDescriptor$Element done
Event: 6.033 Loading class jdk/jfr/internal/MetadataDescriptor$Attribute
Event: 6.033 Loading class jdk/jfr/internal/MetadataDescriptor$Attribute done
Event: 6.043 Loading class jdk/jfr/internal/consumer/StringParser$Encoding
Event: 6.044 Loading class jdk/jfr/internal/consumer/StringParser$Encoding done
Event: 6.056 Loading class jdk/jfr/internal/consumer/RepositoryFiles
Event: 6.056 Loading class jdk/jfr/internal/consumer/RepositoryFiles done
Event: 6.060 Loading class jdk/jfr/internal/SettingsManager$InternalSetting
Event: 6.060 Loading class jdk/jfr/internal/SettingsManager$InternalSetting done
Event: 6.062 Loading class jdk/jfr/internal/util/Rate
Event: 6.063 Loading class jdk/jfr/internal/util/Rate done
Event: 6.063 Loading class jdk/jfr/internal/util/TimespanUnit
Event: 6.063 Loading class jdk/jfr/internal/util/TimespanUnit done
Event: 6.063 Loading class jdk/jfr/internal/util/ValueParser
Event: 6.063 Loading class jdk/jfr/internal/util/ValueParser done
Event: 6.065 Loading class jdk/jfr/internal/periodic/PeriodicType
Event: 6.065 Loading class jdk/jfr/internal/periodic/PeriodicType done

Classes unloaded (0 events):
No events

Classes redefined (0 events):
No events

Internal exceptions (20 events):
Event: 0.842 Thread 0x0000018f413ea240 Exception <a 'java/lang/NoSuchMethodError'{0x000000062461fe10}: 'int java.lang.invoke.DelegatingMethodHandle$Holder.reinvoke_L(java.lang.Object, java.lang.Object, java.lang.Object, java.lang.Object, java.lang.Object)'> (0x000000062461fe10) 
thrown [s\open\src\hotspot\share\interpreter\linkResolver.cpp, line 805]
Event: 0.848 Thread 0x0000018f413ea240 Exception <a 'java/lang/NoSuchMethodError'{0x0000000624727d98}: 'java.lang.Object java.lang.invoke.DirectMethodHandle$Holder.invokeStatic(java.lang.Object, java.lang.Object, java.lang.Object, java.lang.Object, java.lang.Object, java.lang.Object, java.lang.Object, java.lang.Object)'> (0x0000000624727d98) 
thrown [s\open\src\hotspot\share\interpreter\linkResolver.cpp, line 805]
Event: 0.850 Thread 0x0000018f413ea240 Exception <a 'java/lang/NoSuchMethodError'{0x000000062474b6a0}: 'java.lang.Object java.lang.invoke.DirectMethodHandle$Holder.invokeStatic(java.lang.Object, java.lang.Object, java.lang.Object, java.lang.Object, java.lang.Object, java.lang.Object, java.lang.Object, java.lang.Object, java.lang.Object)'> (0x000000062474b6a0) 
thrown [s\open\src\hotspot\share\interpreter\linkResolver.cpp, line 805]
Event: 0.853 Thread 0x0000018f413ea240 Exception <a 'java/lang/NoSuchMethodError'{0x000000062475eb50}: 'java.lang.Object java.lang.invoke.Invokers$Holder.invokeExact_MT(java.lang.Object, java.lang.Object, java.lang.Object, java.lang.Object, java.lang.Object, java.lang.Object)'> (0x000000062475eb50) 
thrown [s\open\src\hotspot\share\interpreter\linkResolver.cpp, line 805]
Event: 0.857 Thread 0x0000018f413ea240 Exception <a 'java/lang/NoSuchMethodError'{0x000000062476a890}: 'java.lang.Object java.lang.invoke.DirectMethodHandle$Holder.invokeInterface(java.lang.Object, java.lang.Object, java.lang.Object, java.lang.Object, java.lang.Object)'> (0x000000062476a890) 
thrown [s\open\src\hotspot\share\interpreter\linkResolver.cpp, line 805]
Event: 0.865 Thread 0x0000018f413ea240 Exception <a 'java/lang/NoSuchMethodError'{0x00000006247b5a60}: 'double java.lang.invoke.DirectMethodHandle$Holder.invokeInterface(java.lang.Object, java.lang.Object)'> (0x00000006247b5a60) 
thrown [s\open\src\hotspot\share\interpreter\linkResolver.cpp, line 805]
Event: 0.866 Thread 0x0000018f413ea240 Exception <a 'java/lang/NoSuchMethodError'{0x00000006247c66d0}: 'double java.lang.invoke.DelegatingMethodHandle$Holder.reinvoke_L(java.lang.Object, java.lang.Object)'> (0x00000006247c66d0) 
thrown [s\open\src\hotspot\share\interpreter\linkResolver.cpp, line 805]
Event: 2.644 Thread 0x0000018f413ea240 Exception <a 'java/lang/NoSuchMethodError'{0x00000006247ee290}: 'long java.lang.invoke.DirectMethodHandle$Holder.invokeVirtual(java.lang.Object, java.lang.Object)'> (0x00000006247ee290) 
thrown [s\open\src\hotspot\share\interpreter\linkResolver.cpp, line 805]
Event: 2.645 Thread 0x0000018f413ea240 Exception <a 'java/lang/NoSuchMethodError'{0x000000061e3d6ec8}: 'java.lang.Object java.lang.invoke.DirectMethodHandle$Holder.invokeStatic(java.lang.Object, long)'> (0x000000061e3d6ec8) 
thrown [s\open\src\hotspot\share\interpreter\linkResolver.cpp, line 805]
Event: 2.646 Thread 0x0000018f413ea240 Exception <a 'java/lang/NoSuchMethodError'{0x000000061e3e6f70}: 'long java.lang.invoke.DelegatingMethodHandle$Holder.reinvoke_L(java.lang.Object, java.lang.Object)'> (0x000000061e3e6f70) 
thrown [s\open\src\hotspot\share\interpreter\linkResolver.cpp, line 805]
Event: 5.841 Thread 0x0000018f4100c2d0 Exception <a 'java/lang/NoSuchMethodError'{0x00000006187de8b0}: 'void java.lang.invoke.DirectMethodHandle$Holder.invokeStaticInit(java.lang.Object)'> (0x00000006187de8b0) 
thrown [s\open\src\hotspot\share\interpreter\linkResolver.cpp, line 805]
Event: 5.849 Thread 0x0000018f4100c2d0 Exception <a 'java/lang/NoSuchMethodError'{0x000000061803d0f0}: 'java.lang.Object java.lang.invoke.DirectMethodHandle$Holder.newInvokeSpecial(java.lang.Object, java.lang.Object, java.lang.Object, java.lang.Object, java.lang.Object)'> (0x000000061803d0f0) 
thrown [s\open\src\hotspot\share\interpreter\linkResolver.cpp, line 805]
Event: 5.896 Thread 0x0000018f4100c2d0 Exception <a 'java/lang/NoSuchMethodError'{0x00000006181e5ad0}: 'int java.lang.invoke.DirectMethodHandle$Holder.invokeStatic(java.lang.Object, java.lang.Object, java.lang.Object, java.lang.Object)'> (0x00000006181e5ad0) 
thrown [s\open\src\hotspot\share\interpreter\linkResolver.cpp, line 805]
Event: 6.007 Thread 0x0000018f4100c2d0 Exception <a 'java/lang/NoSuchMethodError'{0x0000000617e409e0}: 'void java.lang.invoke.DirectMethodHandle$Holder.invokeSpecial(java.lang.Object, java.lang.Object, int)'> (0x0000000617e409e0) 
thrown [s\open\src\hotspot\share\interpreter\linkResolver.cpp, line 805]
Event: 6.008 Thread 0x0000018f4100c2d0 Exception <a 'java/lang/NoSuchMethodError'{0x0000000617e48600}: 'void java.lang.invoke.Invokers$Holder.invokeExact_MT(java.lang.Object, int, java.lang.Object)'> (0x0000000617e48600) 
thrown [s\open\src\hotspot\share\interpreter\linkResolver.cpp, line 805]
Event: 6.012 Thread 0x0000018f4100c2d0 Exception <a 'java/lang/NoSuchMethodError'{0x0000000617e6cc80}: 'void java.lang.invoke.DirectMethodHandle$Holder.invokeStatic(java.lang.Object, java.lang.Object, int)'> (0x0000000617e6cc80) 
thrown [s\open\src\hotspot\share\interpreter\linkResolver.cpp, line 805]
Event: 6.014 Thread 0x0000018f4100c2d0 Exception <a 'java/lang/NoSuchMethodError'{0x0000000617e7bb88}: 'java.lang.Object java.lang.invoke.DirectMethodHandle$Holder.newInvokeSpecial(java.lang.Object, java.lang.Object, int)'> (0x0000000617e7bb88) 
thrown [s\open\src\hotspot\share\interpreter\linkResolver.cpp, line 805]
Event: 6.019 Thread 0x0000018f4100c2d0 Exception <a 'sun/nio/fs/WindowsException'{0x0000000617eafa20}> (0x0000000617eafa20) 
thrown [s\open\src\hotspot\share\prims\jni.cpp, line 518]
Event: 6.022 Thread 0x0000018f4100c2d0 Exception <a 'sun/nio/fs/WindowsException'{0x0000000617ebc8f8}> (0x0000000617ebc8f8) 
thrown [s\open\src\hotspot\share\prims\jni.cpp, line 518]
Event: 6.028 Thread 0x0000018f4100c2d0 Exception <a 'sun/nio/fs/WindowsException'{0x0000000617ece870}> (0x0000000617ece870) 
thrown [s\open\src\hotspot\share\prims\jni.cpp, line 518]

VM Operations (20 events):
Event: 0.133 Executing VM operation: HandshakeAllThreads (Deoptimize)
Event: 0.133 Executing VM operation: HandshakeAllThreads (Deoptimize) done
Event: 0.251 Executing VM operation: HandshakeAllThreads (Deoptimize)
Event: 0.251 Executing VM operation: HandshakeAllThreads (Deoptimize) done
Event: 0.398 Executing VM operation: HandshakeAllThreads (Deoptimize)
Event: 0.398 Executing VM operation: HandshakeAllThreads (Deoptimize) done
Event: 0.667 Executing VM operation: HandshakeAllThreads (Deoptimize)
Event: 0.667 Executing VM operation: HandshakeAllThreads (Deoptimize) done
Event: 0.751 Executing VM operation: HandshakeAllThreads (Deoptimize)
Event: 0.751 Executing VM operation: HandshakeAllThreads (Deoptimize) done
Event: 0.819 Executing VM operation: G1CollectForAllocation (G1 Evacuation Pause)
Event: 0.826 Executing VM operation: G1CollectForAllocation (G1 Evacuation Pause) done
Event: 0.826 Executing VM operation: HandshakeAllThreads (Deoptimize)
Event: 0.827 Executing VM operation: HandshakeAllThreads (Deoptimize) done
Event: 2.640 Executing VM operation: HandshakeAllThreads (Deoptimize)
Event: 2.640 Executing VM operation: HandshakeAllThreads (Deoptimize) done
Event: 6.016 Executing VM operation: HandshakeAllThreads (Deoptimize)
Event: 6.016 Executing VM operation: HandshakeAllThreads (Deoptimize) done
Event: 6.057 Executing VM operation: JFRSafepointClear
Event: 6.057 Executing VM operation: JFRSafepointClear done

Memory protections (0 events):
No events

Nmethod flushes (0 events):
No events

Events (20 events):
Event: 0.101 Thread 0x0000018f45bc9270 Thread added: 0x0000018f41041060
Event: 0.156 Thread 0x0000018f45bc9270 Thread added: 0x0000018f4119a840
Event: 0.176 Thread 0x0000018f45bc9270 Thread added: 0x0000018f41284970
Event: 0.176 Thread 0x0000018f45bc9270 Thread added: 0x0000018f41285480
Event: 0.289 Thread 0x0000018f41041060 Thread added: 0x0000018f41752d60
Event: 0.299 Thread 0x0000018f41041060 Thread added: 0x0000018f41755ac0
Event: 0.759 Thread 0x0000018f4100c2d0 Thread added: 0x0000018f413e4670
Event: 0.778 Thread 0x0000018f413e4670 Thread added: 0x0000018f413ea240
Event: 0.812 Thread 0x0000018f413ea240 Thread added: 0x0000018f413efa00
Event: 0.818 Thread 0x0000018f413ea240 Thread added: 0x0000018f4156fe80
Event: 1.270 Thread 0x0000018f41755ac0 Thread exited: 0x0000018f41755ac0
Event: 1.270 Thread 0x0000018f41752d60 Thread exited: 0x0000018f41752d60
Event: 3.123 Thread 0x0000018f41041060 Thread added: 0x0000018f41756250
Event: 3.123 Thread 0x0000018f41041060 Thread added: 0x0000018f41754ba0
Event: 3.285 Thread 0x0000018f41754ba0 Thread exited: 0x0000018f41754ba0
Event: 3.285 Thread 0x0000018f41756250 Thread exited: 0x0000018f41756250
Event: 5.814 Thread 0x0000018f41041060 Thread added: 0x0000018f41755330
Event: 5.814 Thread 0x0000018f41041060 Thread added: 0x0000018f41754ba0
Event: 5.837 Thread 0x0000018f4100c2d0 Thread added: 0x0000018f42256aa0
Event: 6.014 Thread 0x0000018f4100c2d0 Thread added: 0x0000018f41333cb0


Dynamic libraries:
0x00007ff618600000 - 0x00007ff61860e000 	C:\Users\z005067k\.jdks\openjdk-24.0.1\bin\java.exe
0x00007ffbd8eb0000 - 0x00007ffbd90c7000 	C:\Windows\SYSTEM32\ntdll.dll
0x00007ffbd7760000 - 0x00007ffbd7824000 	C:\Windows\System32\KERNEL32.DLL
0x00007ffbd5ff0000 - 0x00007ffbd63c3000 	C:\Windows\System32\KERNELBASE.dll
0x00007ffbd67a0000 - 0x00007ffbd68b1000 	C:\Windows\System32\ucrtbase.dll
0x00007ffbd2910000 - 0x00007ffbd292b000 	C:\Users\z005067k\.jdks\openjdk-24.0.1\bin\VCRUNTIME140.dll
0x00007ffbd2610000 - 0x00007ffbd2626000 	C:\Users\z005067k\.jdks\openjdk-24.0.1\bin\jli.dll
0x00007ffbbc800000 - 0x00007ffbbca98000 	C:\Windows\WinSxS\amd64_microsoft.windows.common-controls_6595b64144ccf1df_6.0.22621.5124_none_270e8f4f7386d69d\COMCTL32.dll
0x00007ffbd7830000 - 0x00007ffbd78d7000 	C:\Windows\System32\msvcrt.dll
0x00007ffbd78e0000 - 0x00007ffbd7a91000 	C:\Windows\System32\USER32.dll
0x00007ffbd6e80000 - 0x00007ffbd6ea9000 	C:\Windows\System32\GDI32.dll
0x00007ffbd68c0000 - 0x00007ffbd69db000 	C:\Windows\System32\gdi32full.dll
0x00007ffbd5fc0000 - 0x00007ffbd5fe6000 	C:\Windows\System32\win32u.dll
0x00007ffbd66d0000 - 0x00007ffbd676a000 	C:\Windows\System32\msvcp_win.dll
0x00007ffbd83f0000 - 0x00007ffbd8421000 	C:\Windows\System32\IMM32.DLL
0x00007ffbd5d20000 - 0x00007ffbd5e6b000 	C:\Program Files\Avecto\Privilege Guard Client\PGHook.dll
0x00007ffbd2900000 - 0x00007ffbd290c000 	C:\Users\z005067k\.jdks\openjdk-24.0.1\bin\vcruntime140_1.dll
0x00007ffb932f0000 - 0x00007ffb9337e000 	C:\Users\z005067k\.jdks\openjdk-24.0.1\bin\msvcp140.dll
0x00007ffb5b820000 - 0x00007ffb5c5c2000 	C:\Users\z005067k\.jdks\openjdk-24.0.1\bin\server\jvm.dll
0x00007ffbd6c80000 - 0x00007ffbd6d31000 	C:\Windows\System32\ADVAPI32.dll
0x00007ffbd7020000 - 0x00007ffbd70c8000 	C:\Windows\System32\sechost.dll
0x00007ffbd6770000 - 0x00007ffbd6798000 	C:\Windows\System32\bcrypt.dll
0x00007ffbd6d60000 - 0x00007ffbd6e74000 	C:\Windows\System32\RPCRT4.dll
0x00007ffbd8df0000 - 0x00007ffbd8e61000 	C:\Windows\System32\WS2_32.dll
0x00007ffbd5e90000 - 0x00007ffbd5edd000 	C:\Windows\SYSTEM32\POWRPROF.dll
0x00007ffbcdd90000 - 0x00007ffbcdd9a000 	C:\Windows\SYSTEM32\VERSION.dll
0x00007ffbd0920000 - 0x00007ffbd0954000 	C:\Windows\SYSTEM32\WINMM.dll
0x00007ffbd5e70000 - 0x00007ffbd5e83000 	C:\Windows\SYSTEM32\UMPDC.dll
0x00007ffbd4d80000 - 0x00007ffbd4d98000 	C:\Windows\SYSTEM32\kernel.appcore.dll
0x00007ffbd24f0000 - 0x00007ffbd24fa000 	C:\Users\z005067k\.jdks\openjdk-24.0.1\bin\jimage.dll
0x00007ffbd34d0000 - 0x00007ffbd3702000 	C:\Windows\SYSTEM32\DBGHELP.DLL
0x00007ffbd7aa0000 - 0x00007ffbd7e32000 	C:\Windows\System32\combase.dll
0x00007ffbd71e0000 - 0x00007ffbd72b7000 	C:\Windows\System32\OLEAUT32.dll
0x00007ffbaa080000 - 0x00007ffbaa0b2000 	C:\Windows\SYSTEM32\dbgcore.DLL
0x00007ffbd65d0000 - 0x00007ffbd664b000 	C:\Windows\System32\bcryptPrimitives.dll
0x00007ffbd1230000 - 0x00007ffbd123f000 	C:\Users\z005067k\.jdks\openjdk-24.0.1\bin\instrument.dll
0x00007ffbd1210000 - 0x00007ffbd122e000 	C:\Users\z005067k\.jdks\openjdk-24.0.1\bin\java.dll
0x00007ffbd7e40000 - 0x00007ffbd7fe1000 	C:\Windows\System32\ole32.dll
0x00007ffbd8430000 - 0x00007ffbd8cc6000 	C:\Windows\System32\SHELL32.dll
0x00007ffbd63d0000 - 0x00007ffbd650f000 	C:\Windows\System32\wintypes.dll
0x00007ffbd3a90000 - 0x00007ffbd43aa000 	C:\Windows\SYSTEM32\windows.storage.dll
0x00007ffbd8ce0000 - 0x00007ffbd8dea000 	C:\Windows\System32\SHCORE.dll
0x00007ffbd8380000 - 0x00007ffbd83e3000 	C:\Windows\System32\shlwapi.dll
0x00007ffbd5ef0000 - 0x00007ffbd5f1b000 	C:\Windows\SYSTEM32\profapi.dll
0x00007ffb8fa60000 - 0x00007ffb8fb37000 	C:\Users\z005067k\.jdks\openjdk-24.0.1\bin\jsvml.dll
0x00007ffbd05c0000 - 0x00007ffbd05d7000 	C:\Users\z005067k\.jdks\openjdk-24.0.1\bin\zip.dll
0x00007ffbd1200000 - 0x00007ffbd1210000 	C:\Users\z005067k\.jdks\openjdk-24.0.1\bin\net.dll
0x00007ffbd5320000 - 0x00007ffbd538a000 	C:\Windows\system32\mswsock.dll
0x00007ffbccc20000 - 0x00007ffbccc36000 	C:\Users\z005067k\.jdks\openjdk-24.0.1\bin\nio.dll
0x00007ffbce3b0000 - 0x00007ffbce3b9000 	C:\Users\z005067k\.jdks\openjdk-24.0.1\bin\extnet.dll
0x00007ffbd4630000 - 0x00007ffbd4732000 	C:\Windows\SYSTEM32\DNSAPI.dll
0x00007ffbd4600000 - 0x00007ffbd462d000 	C:\Windows\SYSTEM32\IPHLPAPI.DLL
0x00007ffbd7ff0000 - 0x00007ffbd7ff9000 	C:\Windows\System32\NSI.dll
0x00007ffbd0070000 - 0x00007ffbd007a000 	C:\Windows\System32\rasadhlp.dll
0x00007ffbce6e0000 - 0x00007ffbce763000 	C:\Windows\System32\fwpuclnt.dll
0x00007ffbc0630000 - 0x00007ffbc063a000 	C:\Users\z005067k\.jdks\openjdk-24.0.1\bin\management.dll
0x00007ffbbbf70000 - 0x00007ffbbbf7b000 	C:\Users\z005067k\.jdks\openjdk-24.0.1\bin\management_ext.dll
0x00007ffbd7010000 - 0x00007ffbd7018000 	C:\Windows\System32\PSAPI.DLL
0x00007ffbd5620000 - 0x00007ffbd563b000 	C:\Windows\SYSTEM32\CRYPTSP.dll
0x00007ffbd4ce0000 - 0x00007ffbd4d17000 	C:\Windows\system32\rsaenh.dll
0x00007ffbd53c0000 - 0x00007ffbd53e8000 	C:\Windows\SYSTEM32\USERENV.dll
0x00007ffbd5600000 - 0x00007ffbd560c000 	C:\Windows\SYSTEM32\CRYPTBASE.dll
0x00007ffba7750000 - 0x00007ffba7767000 	C:\Windows\system32\napinsp.dll
0x00007ffba7730000 - 0x00007ffba774b000 	C:\Windows\system32\pnrpnsp.dll
0x00007ffba7710000 - 0x00007ffba7721000 	C:\Windows\System32\winrnr.dll
0x00007ffba76f0000 - 0x00007ffba7705000 	C:\Windows\system32\wshbth.dll
0x00007ffba76c0000 - 0x00007ffba76e7000 	C:\Windows\system32\nlansp_c.dll
0x00007ffbcd200000 - 0x00007ffbcd250000 	C:\Windows\SYSTEM32\pdh.dll
0x00007ffbab940000 - 0x00007ffbab951000 	C:\Windows\System32\perfproc.dll
0x00007ffbaa330000 - 0x00007ffbaa340000 	C:\Windows\System32\perfos.dll
0x00007ffbd2f70000 - 0x00007ffbd2f80000 	C:\Windows\SYSTEM32\pfclient.dll
0x00007ffb78db0000 - 0x00007ffb78fbe000 	C:\Users\z005067k\AppData\Local\Temp\idea_libasyncProfiler_dll_temp_folder\libasyncProfiler.dll

JVMTI agents:
C:\Program Files\JetBrains\IntelliJ IDEA 2024.3.5\lib\idea_rt.jar path:C:\Users\z005067k\.jdks\openjdk-24.0.1\bin\instrument.dll, loaded, initialized, instrumentlib options:61473

dbghelp: loaded successfully - version: 4.0.5 - missing functions: none
symbol engine: initialized successfully - sym options: 0x614 - pdb path: .;C:\Users\z005067k\.jdks\openjdk-24.0.1\bin;C:\Windows\SYSTEM32;C:\Windows\WinSxS\amd64_microsoft.windows.common-controls_6595b64144ccf1df_6.0.22621.5124_none_270e8f4f7386d69d;C:\Program Files\Avecto\Privilege Guard Client;C:\Users\z005067k\.jdks\openjdk-24.0.1\bin\server;C:\Users\z005067k\AppData\Local\Temp\idea_libasyncProfiler_dll_temp_folder

VM Arguments:
jvm_args: -javaagent:C:\Program Files\JetBrains\IntelliJ IDEA 2024.3.5\lib\idea_rt.jar=61473 -Dfile.encoding=UTF-8 -Dsun.stdout.encoding=UTF-8 -Dsun.stderr.encoding=UTF-8 
java_command: Main
java_class_path (initial): C:\Users\z005067k\IdeaProjects\Find-Majority-Element-Problem\out\production\Analysis_Of_Algorithms_Project_1
Launcher Type: SUN_STANDARD

[Global flags]
     intx CICompilerCount                          = 4                                         {product} {ergonomic}
     uint ConcGCThreads                            = 2                                         {product} {ergonomic}
     bool FlightRecorder                           = true                                      {product} {management}
     uint G1ConcRefinementThreads                  = 8                                         {product} {ergonomic}
   size_t G1HeapRegionSize                         = 4194304                                   {product} {ergonomic}
   size_t InitialHeapSize                          = 532676608                                 {product} {ergonomic}
   size_t MarkStackSize                            = 4194304                                   {product} {ergonomic}
   size_t MarkStackSizeMax                         = 536870912                                 {product} {ergonomic}
   size_t MaxHeapSize                              = 8510242816                                {product} {ergonomic}
   size_t MaxNewSize                               = 5104467968                                {product} {ergonomic}
   size_t MinHeapDeltaBytes                        = 4194304                                   {product} {ergonomic}
   size_t MinHeapSize                              = 8388608                                   {product} {ergonomic}
    uintx NonNMethodCodeHeapSize                   = 5832704                                {pd product} {ergonomic}
    uintx NonProfiledCodeHeapSize                  = 122945536                              {pd product} {ergonomic}
    uintx ProfiledCodeHeapSize                     = 122880000                              {pd product} {ergonomic}
    uintx ReservedCodeCacheSize                    = 251658240                              {pd product} {ergonomic}
     bool SegmentedCodeCache                       = true                                      {product} {ergonomic}
   size_t SoftMaxHeapSize                          = 8510242816                             {manageable} {ergonomic}
     bool UseCompressedOops                        = true                           {product lp64_product} {ergonomic}
     bool UseG1GC                                  = true                                      {product} {ergonomic}
     bool UseLargePagesIndividualAllocation        = false                                  {pd product} {ergonomic}

Logging:
Log output configuration:
 #0: stdout all=warning uptime,level,tags foldmultilines=false
 #1: stderr all=off uptime,level,tags foldmultilines=false

Environment Variables:
JAVA_HOME=C:\Program Files\Zulu\zulu-8-jre\
PATH=C:\Program Files\IcedTeaWeb\WebStart\bin;C:\Program Files (x86)\Zulu\zulu-8-jre\bin\;C:\Program Files\Zulu\zulu-8-jre\bin\;C:\Windows\system32;C:\Windows;C:\Windows\System32\Wbem;C:\Windows\System32\WindowsPowerShell\v1.0\;C:\Windows\System32\OpenSSH\;C:\Program Files\WindowsPowerShell\Scripts\HP.ClientScriptLibrary;C:\Users\z005067k\AppData\Local\nvm;C:\nvm4w\nodejs;C:\MinGW\bin;C:\Users\z005067k\AppData\Local\Microsoft\WindowsApps;C:\Program Files\JetBrains\IntelliJ IDEA 2024.3.5\bin;;C:\Program Files\JetBrains\PyCharm 2024.3.5\bin;;C:\Users\z005067k\AppData\Local\nvm;C:\nvm4w\nodejs;C:\ghcup\bin;C:\Users\z005067k\AppData\Local\Programs\Git\cmd
USERNAME=z005067k
OS=Windows_NT
PROCESSOR_IDENTIFIER=Intel64 Family 6 Model 140 Stepping 1, GenuineIntel
TMP=C:\Users\z005067k\AppData\Local\Temp
TEMP=C:\Users\z005067k\AppData\Local\Temp




Periodic native trim disabled

---------------  S Y S T E M  ---------------

OS:
 Windows 11 , 64 bit Build 22621 (10.0.22621.5124)
OS uptime: 9 days 22:02 hours
Hyper-V role detected

CPU: total 8 (initial active 8) (4 cores per cpu, 2 threads per core) family 6 model 140 stepping 1 microcode 0xb8, cx8, cmov, fxsr, ht, mmx, 3dnowpref, sse, sse2, sse3, ssse3, sse4.1, sse4.2, popcnt, lzcnt, tsc, tscinvbit, avx, avx2, aes, erms, clmul, bmi1, bmi2, adx, avx512f, avx512dq, avx512cd, avx512bw, avx512vl, sha, fma, vzeroupper, avx512_vpopcntdq, avx512_vpclmulqdq, avx512_vaes, avx512_vnni, clflush, clflushopt, clwb, avx512_vbmi2, avx512_vbmi, hv, rdtscp, rdpid, fsrm, gfni, avx512_bitalg, f16c, cet_ibt, cet_ss, avx512_ifma
Processor Information for processor 0
  Max Mhz: 2611, Current Mhz: 2611, Mhz Limit: 2611
Processor Information for processor 1
  Max Mhz: 2611, Current Mhz: 1205, Mhz Limit: 2611
Processor Information for processor 2
  Max Mhz: 2611, Current Mhz: 2611, Mhz Limit: 2611
Processor Information for processor 3
  Max Mhz: 2611, Current Mhz: 1205, Mhz Limit: 2611
Processor Information for processor 4
  Max Mhz: 2611, Current Mhz: 1205, Mhz Limit: 2611
Processor Information for processor 5
  Max Mhz: 2611, Current Mhz: 2611, Mhz Limit: 2611
Processor Information for processor 6
  Max Mhz: 2611, Current Mhz: 1205, Mhz Limit: 2611
Processor Information for processor 7
  Max Mhz: 2611, Current Mhz: 2611, Mhz Limit: 2611

Memory: 4k page, system-wide physical 32448M (17166M free)
TotalPageFile size 37312M (AvailPageFile size 20593M)
current process WorkingSet (physical memory assigned to process): 300M, peak: 300M
current process commit charge ("private bytes"): 661M, peak: 666M

vm_info: OpenJDK 64-Bit Server VM (24.0.1+9-30) for windows-amd64 JRE (24.0.1+9-30), built on 2025-03-05T07:23:45Z with MS VC++ 17.6 (VS2022)

END.
